<?xml version="1.0" encoding="UTF-8"?>
<testsuite xmlns:xsi="http://www.w3.org/2001/XMLSchema-instance" xsi:noNamespaceSchemaLocation="https://maven.apache.org/surefire/maven-surefire-plugin/xsd/surefire-test-report.xsd" name="com.ecznt.productservice.ProductServiceApplicationTests" time="0.761" tests="1" errors="1" skipped="0" failures="0">
  <properties>
[...]
</properties>
  <testcase name="com.ecznt.productservice.ProductServiceApplicationTests" classname="com.ecznt.productservice.ProductServiceApplicationTests" time="0.76">
    <error message="Could not find a valid Docker environment. Please see logs and check configuration" type="java.lang.IllegalStateException">java.lang.IllegalStateException: Could not find a valid Docker environment. Please see logs and check configuration
</error>
    <system-out><![CDATA[10:14:41.052 [main] DEBUG org.springframework.boot.test.context.SpringBootTestContextBootstrapper -- Neither @ContextConfiguration nor @ContextHierarchy found for test class [ProductServiceApplicationTests]: using SpringBootContextLoader
10:14:41.056 [main] DEBUG org.springframework.test.context.support.AbstractContextLoader -- Could not detect default resource locations for test class [com.ecznt.productservice.ProductServiceApplicationTests]: no resource found for suffixes {-context.xml, Context.groovy}.
10:14:41.056 [main] INFO org.springframework.test.context.support.AnnotationConfigContextLoaderUtils -- Could not detect default configuration classes for test class [com.ecznt.productservice.ProductServiceApplicationTests]: ProductServiceApplicationTests does not declare any static, non-private, non-final, nested classes annotated with @Configuration.
10:14:41.094 [main] DEBUG org.springframework.boot.test.context.SpringBootTestContextBootstrapper -- Using ContextCustomizers for test class [ProductServiceApplicationTests]: [ImportsContextCustomizer, ExcludeFilterContextCustomizer, DuplicateJsonObjectContextCustomizer, MockitoContextCustomizer, TestRestTemplateContextCustomizer, DisableObservabilityContextCustomizer, PropertyMappingContextCustomizer, Customizer, DynamicPropertiesContextCustomizer]
10:14:41.172 [main] DEBUG org.springframework.context.annotation.ClassPathScanningCandidateComponentProvider -- Identified candidate component class: file [C:\Users\9500180\Desktop\Mİcroservice-git\microservices-new\product-service\target\classes\com\ecznt\productservice\ProductServiceApplication.class]
10:14:41.174 [main] INFO org.springframework.boot.test.context.SpringBootTestContextBootstrapper -- Found @SpringBootConfiguration com.ecznt.productservice.ProductServiceApplication for test class com.ecznt.productservice.ProductServiceApplicationTests
10:14:41.295 [main] DEBUG org.springframework.boot.test.context.SpringBootTestContextBootstrapper -- Using TestExecutionListeners for test class [ProductServiceApplicationTests]: [ServletTestExecutionListener, DirtiesContextBeforeModesTestExecutionListener, ApplicationEventsTestExecutionListener, MockitoTestExecutionListener, DependencyInjectionTestExecutionListener, DirtiesContextTestExecutionListener, TransactionalTestExecutionListener, SqlScriptsTestExecutionListener, EventPublishingTestExecutionListener, ResetMocksTestExecutionListener, RestDocsTestExecutionListener, MockRestServiceServerResetTestExecutionListener, MockMvcPrintOnlyOnFailureTestExecutionListener, WebDriverTestExecutionListener, MockWebServiceServerTestExecutionListener]
10:14:41.297 [main] DEBUG org.springframework.test.context.support.AbstractDirtiesContextTestExecutionListener -- Before test class: class [ProductServiceApplicationTests], class annotated with @DirtiesContext [false] with mode [null]
10:14:41.458 [main] DEBUG org.testcontainers.utility.TestcontainersConfiguration -- Testcontainers configuration overrides will be loaded from file:/C:/Users/9500180/.testcontainers.properties
10:14:41.465 [main] WARN org.testcontainers.utility.TestcontainersConfiguration -- Attempted to read Testcontainers configuration file at file:/C:/Users/9500180/.testcontainers.properties but the file was not found. Exception message: FileNotFoundException: C:\Users\9500180\.testcontainers.properties (Sistem belirtilen dosyayı bulamıyor)
10:14:41.468 [main] INFO org.testcontainers.utility.ImageNameSubstitutor -- Image name substitution will be performed by: DefaultImageNameSubstitutor (composite of 'ConfigurationFileImageNameSubstitutor' and 'PrefixingImageNameSubstitutor')
10:14:41.647 [main] DEBUG org.testcontainers.dockerclient.DockerClientProviderStrategy -- Trying out strategy: NpipeSocketClientProviderStrategy
10:14:41.648 [main] DEBUG org.testcontainers.dockerclient.DockerClientProviderStrategy -- DOCKER_HOST socket file '//./pipe/docker_engine' does not exist
10:14:41.648 [main] DEBUG org.testcontainers.dockerclient.DockerClientProviderStrategy -- strategy NpipeSocketClientProviderStrategy did not pass the test
10:14:41.656 [main] INFO org.testcontainers.dockerclient.DockerMachineClientProviderStrategy -- docker-machine executable was not found on PATH ([C:\Program Files (x86)\VMware\VMware Workstation\bin\, C:\Program Files\Common Files\Oracle\Java\javapath, C:\Windows\system32, C:\Windows, C:\Windows\System32\Wbem, C:\Windows\System32\WindowsPowerShell\v1.0\, C:\Windows\System32\OpenSSH\, C:\Program Files\MySQL\MySQL Shell 8.0\bin\, C:\Users\9500180\AppData\Local\Microsoft\WindowsApps, C:\Users\9500180\AppData\Local\JetBrains\IntelliJ IDEA Community Edition 2022.2.4\bin, , C:\Users\9500180\AppData\Local\Programs\Git\cmd, C:\Users\9500180\AppData\Local\Programs\Microsoft VS Code\bin, C:\Program Files\JetBrains\IntelliJ IDEA 2022.2\bin])
10:14:41.657 [main] ERROR org.testcontainers.dockerclient.DockerClientProviderStrategy -- Could not find a valid Docker environment. Please check configuration. Attempted configurations were:
As no valid configuration was found, execution cannot continue.
See https://www.testcontainers.org/on_failure.html for more details.
10:14:41.659 [main] DEBUG org.springframework.test.context.support.AbstractDirtiesContextTestExecutionListener -- After test class: class [ProductServiceApplicationTests], class annotated with @DirtiesContext [false] with mode [null]
]]></system-out>
  </testcase>
</testsuite>